# JRE version: OpenJDK Runtime Environment (8.0_212-b04) (build 1.8.0_212-release-1586-b04)
# Java VM: OpenJDK 64-Bit Server VM (25.212-b04 mixed mode windows-amd64 compressed oops)
Heap:
 PSYoungGen      total 129536K, used 45114K [0x00000000e0000000, 0x00000000ea080000, 0x0000000100000000)
  eden space 111616K, 24% used [0x00000000e0000000,0x00000000e1a90f20,0x00000000e6d00000)
  from space 17920K, 99% used [0x00000000e6d00000,0x00000000e7e7da48,0x00000000e7e80000)
  to   space 20480K, 0% used [0x00000000e8c80000,0x00000000e8c80000,0x00000000ea080000)
 ParOldGen       total 145920K, used 31475K [0x00000000a0000000, 0x00000000a8e80000, 0x00000000e0000000)
  object space 145920K, 21% used [0x00000000a0000000,0x00000000a1ebcda8,0x00000000a8e80000)
 Metaspace       used 65080K, capacity 67370K, committed 67544K, reserved 1107968K
  class space    used 8580K, capacity 9102K, committed 9176K, reserved 1048576K
GC Heap History (10 events):
Event: 44.081 GC heap before
{Heap before GC invocations=16 (full 2):
 PSYoungGen      total 88576K, used 88556K [0x00000000e0000000, 0x00000000e7780000, 0x0000000100000000)
  eden space 77312K, 100% used [0x00000000e0000000,0x00000000e4b80000,0x00000000e4b80000)
  from space 11264K, 99% used [0x00000000e4b80000,0x00000000e567b248,0x00000000e5680000)
  to   space 12800K, 0% used [0x00000000e6b00000,0x00000000e6b00000,0x00000000e7780000)
 ParOldGen       total 98304K, used 16344K [0x00000000a0000000, 0x00000000a6000000, 0x00000000e0000000)
  object space 98304K, 16% used [0x00000000a0000000,0x00000000a0ff6240,0x00000000a6000000)
 Metaspace       used 54711K, capacity 56380K, committed 56704K, reserved 1097728K
  class space    used 7523K, capacity 7941K, committed 8064K, reserved 1048576K
Event: 44.177 GC heap after
Heap after GC invocations=16 (full 2):
 PSYoungGen      total 106496K, used 12771K [0x00000000e0000000, 0x00000000e7e80000, 0x0000000100000000)
  eden space 93696K, 0% used [0x00000000e0000000,0x00000000e0000000,0x00000000e5b80000)
  from space 12800K, 99% used [0x00000000e6b00000,0x00000000e7778cc0,0x00000000e7780000)
  to   space 15872K, 0% used [0x00000000e5b80000,0x00000000e5b80000,0x00000000e6b00000)
 ParOldGen       total 98304K, used 20934K [0x00000000a0000000, 0x00000000a6000000, 0x00000000e0000000)
  object space 98304K, 21% used [0x00000000a0000000,0x00000000a1471898,0x00000000a6000000)
 Metaspace       used 54711K, capacity 56380K, committed 56704K, reserved 1097728K
  class space    used 7523K, capacity 7941K, committed 8064K, reserved 1048576K
}
Event: 52.604 GC heap before
{Heap before GC invocations=17 (full 2):
 PSYoungGen      total 106496K, used 56422K [0x00000000e0000000, 0x00000000e7e80000, 0x0000000100000000)
  eden space 93696K, 46% used [0x00000000e0000000,0x00000000e2aa0bc8,0x00000000e5b80000)
  from space 12800K, 99% used [0x00000000e6b00000,0x00000000e7778cc0,0x00000000e7780000)
  to   space 15872K, 0% used [0x00000000e5b80000,0x00000000e5b80000,0x00000000e6b00000)
 ParOldGen       total 98304K, used 20934K [0x00000000a0000000, 0x00000000a6000000, 0x00000000e0000000)
  object space 98304K, 21% used [0x00000000a0000000,0x00000000a1471898,0x00000000a6000000)
 Metaspace       used 57149K, capacity 59006K, committed 59096K, reserved 1099776K
  class space    used 7903K, capacity 8360K, committed 8408K, reserved 1048576K
Event: 52.653 GC heap after
Heap after GC invocations=17 (full 2):
 PSYoungGen      total 109568K, used 15853K [0x00000000e0000000, 0x00000000e9680000, 0x0000000100000000)
  eden space 93696K, 0% used [0x00000000e0000000,0x00000000e0000000,0x00000000e5b80000)
  from space 15872K, 99% used [0x00000000e5b80000,0x00000000e6afb7a0,0x00000000e6b00000)
  to   space 18432K, 0% used [0x00000000e8480000,0x00000000e8480000,0x00000000e9680000)
 ParOldGen       total 98304K, used 22212K [0x00000000a0000000, 0x00000000a6000000, 0x00000000e0000000)
  object space 98304K, 22% used [0x00000000a0000000,0x00000000a15b1130,0x00000000a6000000)
 Metaspace       used 57149K, capacity 59006K, committed 59096K, reserved 1099776K
  class space    used 7903K, capacity 8360K, committed 8408K, reserved 1048576K
}
Event: 52.653 GC heap before
{Heap before GC invocations=18 (full 3):
 PSYoungGen      total 109568K, used 15853K [0x00000000e0000000, 0x00000000e9680000, 0x0000000100000000)
  eden space 93696K, 0% used [0x00000000e0000000,0x00000000e0000000,0x00000000e5b80000)
  from space 15872K, 99% used [0x00000000e5b80000,0x00000000e6afb7a0,0x00000000e6b00000)
  to   space 18432K, 0% used [0x00000000e8480000,0x00000000e8480000,0x00000000e9680000)
 ParOldGen       total 98304K, used 22212K [0x00000000a0000000, 0x00000000a6000000, 0x00000000e0000000)
  object space 98304K, 22% used [0x00000000a0000000,0x00000000a15b1130,0x00000000a6000000)
 Metaspace       used 57149K, capacity 59006K, committed 59096K, reserved 1099776K
  class space    used 7903K, capacity 8360K, committed 8408K, reserved 1048576K
Event: 53.333 GC heap after
Heap after GC invocations=18 (full 3):
 PSYoungGen      total 109568K, used 0K [0x00000000e0000000, 0x00000000e9680000, 0x0000000100000000)
  eden space 93696K, 0% used [0x00000000e0000000,0x00000000e0000000,0x00000000e5b80000)
  from space 15872K, 0% used [0x00000000e5b80000,0x00000000e5b80000,0x00000000e6b00000)
  to   space 18432K, 0% used [0x00000000e8480000,0x00000000e8480000,0x00000000e9680000)
 ParOldGen       total 145920K, used 31080K [0x00000000a0000000, 0x00000000a8e80000, 0x00000000e0000000)
  object space 145920K, 21% used [0x00000000a0000000,0x00000000a1e5a3c0,0x00000000a8e80000)
 Metaspace       used 57119K, capacity 58918K, committed 59096K, reserved 1099776K
  class space    used 7894K, capacity 8344K, committed 8408K, reserved 1048576K
}
Event: 62.691 GC heap before
{Heap before GC invocations=19 (full 3):
 PSYoungGen      total 109568K, used 93696K [0x00000000e0000000, 0x00000000e9680000, 0x0000000100000000)
  eden space 93696K, 100% used [0x00000000e0000000,0x00000000e5b80000,0x00000000e5b80000)
  from space 15872K, 0% used [0x00000000e5b80000,0x00000000e5b80000,0x00000000e6b00000)
  to   space 18432K, 0% used [0x00000000e8480000,0x00000000e8480000,0x00000000e9680000)
 ParOldGen       total 145920K, used 31080K [0x00000000a0000000, 0x00000000a8e80000, 0x00000000e0000000)
  object space 145920K, 21% used [0x00000000a0000000,0x00000000a1e5a3c0,0x00000000a8e80000)
 Metaspace       used 60324K, capacity 62476K, committed 62680K, reserved 1103872K
  class space    used 8281K, capacity 8797K, committed 8920K, reserved 1048576K
Event: 62.721 GC heap after
Heap after GC invocations=19 (full 3):
 PSYoungGen      total 123392K, used 6459K [0x00000000e0000000, 0x00000000e9000000, 0x0000000100000000)
  eden space 111616K, 0% used [0x00000000e0000000,0x00000000e0000000,0x00000000e6d00000)
  from space 11776K, 54% used [0x00000000e8480000,0x00000000e8acefd8,0x00000000e9000000)
  to   space 17920K, 0% used [0x00000000e6d00000,0x00000000e6d00000,0x00000000e7e80000)
 ParOldGen       total 145920K, used 31088K [0x00000000a0000000, 0x00000000a8e80000, 0x00000000e0000000)
  object space 145920K, 21% used [0x00000000a0000000,0x00000000a1e5c3c0,0x00000000a8e80000)
 Metaspace       used 60324K, capacity 62476K, committed 62680K, reserved 1103872K
  class space    used 8281K, capacity 8797K, committed 8920K, reserved 1048576K
}
Event: 164.089 GC heap before
{Heap before GC invocations=20 (full 3):
 PSYoungGen      total 123392K, used 118075K [0x00000000e0000000, 0x00000000e9000000, 0x0000000100000000)
  eden space 111616K, 100% used [0x00000000e0000000,0x00000000e6d00000,0x00000000e6d00000)
  from space 11776K, 54% used [0x00000000e8480000,0x00000000e8acefd8,0x00000000e9000000)
  to   space 17920K, 0% used [0x00000000e6d00000,0x00000000e6d00000,0x00000000e7e80000)
 ParOldGen       total 145920K, used 31088K [0x00000000a0000000, 0x00000000a8e80000, 0x00000000e0000000)
  object space 145920K, 21% used [0x00000000a0000000,0x00000000a1e5c3c0,0x00000000a8e80000)
 Metaspace       used 64027K, capacity 66274K, committed 66392K, reserved 1105920K
  class space    used 8473K, capacity 8978K, committed 9048K, reserved 1048576K
Event: 164.165 GC heap after
Heap after GC invocations=20 (full 3):
 PSYoungGen      total 129536K, used 17910K [0x00000000e0000000, 0x00000000ea080000, 0x0000000100000000)
  eden space 111616K, 0% used [0x00000000e0000000,0x00000000e0000000,0x00000000e6d00000)
  from space 17920K, 99% used [0x00000000e6d00000,0x00000000e7e7da48,0x00000000e7e80000)
  to   space 20480K, 0% used [0x00000000e8c80000,0x00000000e8c80000,0x00000000ea080000)
 ParOldGen       total 145920K, used 31475K [0x00000000a0000000, 0x00000000a8e80000, 0x00000000e0000000)
  object space 145920K, 21% used [0x00000000a0000000,0x00000000a1ebcda8,0x00000000a8e80000)
 Metaspace       used 64027K, capacity 66274K, committed 66392K, reserved 1105920K
  class space    used 8473K, capacity 8978K, committed 9048K, reserved 1048576K
}

