# JRE version: OpenJDK Runtime Environment (8.0_212-b04) (build 1.8.0_212-release-1586-b04)
# Java VM: OpenJDK 64-Bit Server VM (25.212-b04 mixed mode windows-amd64 compressed oops)
Heap:
 PSYoungGen      total 116224K, used 7631K [0x00000000e0000000, 0x00000000ea380000, 0x0000000100000000)
  eden space 104448K, 7% used [0x00000000e0000000,0x00000000e0773f10,0x00000000e6600000)
  from space 11776K, 0% used [0x00000000e6600000,0x00000000e6600000,0x00000000e7180000)
  to   space 12288K, 0% used [0x00000000e9780000,0x00000000e9780000,0x00000000ea380000)
 ParOldGen       total 60416K, used 16774K [0x00000000a0000000, 0x00000000a3b00000, 0x00000000e0000000)
  object space 60416K, 27% used [0x00000000a0000000,0x00000000a1061920,0x00000000a3b00000)
 Metaspace       used 34819K, capacity 35662K, committed 35840K, reserved 1079296K
  class space    used 4796K, capacity 5009K, committed 5120K, reserved 1048576K
GC Heap History (10 events):
Event: 6.562 GC heap before
{Heap before GC invocations=7 (full 1):
 PSYoungGen      total 76800K, used 8740K [0x00000000e0000000, 0x00000000e5700000, 0x0000000100000000)
  eden space 66048K, 0% used [0x00000000e0000000,0x00000000e0000000,0x00000000e4080000)
  from space 10752K, 81% used [0x00000000e4b80000,0x00000000e54091b8,0x00000000e5600000)
  to   space 11264K, 0% used [0x00000000e4080000,0x00000000e4080000,0x00000000e4b80000)
 ParOldGen       total 87552K, used 7576K [0x00000000a0000000, 0x00000000a5580000, 0x00000000e0000000)
  object space 87552K, 8% used [0x00000000a0000000,0x00000000a07663e8,0x00000000a5580000)
 Metaspace       used 20726K, capacity 21202K, committed 21296K, reserved 1067008K
  class space    used 2998K, capacity 3161K, committed 3200K, reserved 1048576K
Event: 6.621 GC heap after
Heap after GC invocations=7 (full 1):
 PSYoungGen      total 76800K, used 0K [0x00000000e0000000, 0x00000000e5700000, 0x0000000100000000)
  eden space 66048K, 0% used [0x00000000e0000000,0x00000000e0000000,0x00000000e4080000)
  from space 10752K, 0% used [0x00000000e4b80000,0x00000000e4b80000,0x00000000e5600000)
  to   space 11264K, 0% used [0x00000000e4080000,0x00000000e4080000,0x00000000e4b80000)
 ParOldGen       total 60416K, used 9525K [0x00000000a0000000, 0x00000000a3b00000, 0x00000000e0000000)
  object space 60416K, 15% used [0x00000000a0000000,0x00000000a094d7a8,0x00000000a3b00000)
 Metaspace       used 20726K, capacity 21202K, committed 21296K, reserved 1067008K
  class space    used 2998K, capacity 3161K, committed 3200K, reserved 1048576K
}
Event: 9.134 GC heap before
{Heap before GC invocations=8 (full 1):
 PSYoungGen      total 76800K, used 66048K [0x00000000e0000000, 0x00000000e5700000, 0x0000000100000000)
  eden space 66048K, 100% used [0x00000000e0000000,0x00000000e4080000,0x00000000e4080000)
  from space 10752K, 0% used [0x00000000e4b80000,0x00000000e4b80000,0x00000000e5600000)
  to   space 11264K, 0% used [0x00000000e4080000,0x00000000e4080000,0x00000000e4b80000)
 ParOldGen       total 60416K, used 9525K [0x00000000a0000000, 0x00000000a3b00000, 0x00000000e0000000)
  object space 60416K, 15% used [0x00000000a0000000,0x00000000a094d7a8,0x00000000a3b00000)
 Metaspace       used 29033K, capacity 29558K, committed 29696K, reserved 1075200K
  class space    used 3910K, capacity 4065K, committed 4096K, reserved 1048576K
Event: 9.159 GC heap after
Heap after GC invocations=8 (full 1):
 PSYoungGen      total 77312K, used 7924K [0x00000000e0000000, 0x00000000e7c80000, 0x0000000100000000)
  eden space 66048K, 0% used [0x00000000e0000000,0x00000000e0000000,0x00000000e4080000)
  from space 11264K, 70% used [0x00000000e4080000,0x00000000e483d3f0,0x00000000e4b80000)
  to   space 11264K, 0% used [0x00000000e7180000,0x00000000e7180000,0x00000000e7c80000)
 ParOldGen       total 60416K, used 9533K [0x00000000a0000000, 0x00000000a3b00000, 0x00000000e0000000)
  object space 60416K, 15% used [0x00000000a0000000,0x00000000a094f7a8,0x00000000a3b00000)
 Metaspace       used 29033K, capacity 29558K, committed 29696K, reserved 1075200K
  class space    used 3910K, capacity 4065K, committed 4096K, reserved 1048576K
}
Event: 10.593 GC heap before
{Heap before GC invocations=9 (full 1):
 PSYoungGen      total 77312K, used 73972K [0x00000000e0000000, 0x00000000e7c80000, 0x0000000100000000)
  eden space 66048K, 100% used [0x00000000e0000000,0x00000000e4080000,0x00000000e4080000)
  from space 11264K, 70% used [0x00000000e4080000,0x00000000e483d3f0,0x00000000e4b80000)
  to   space 11264K, 0% used [0x00000000e7180000,0x00000000e7180000,0x00000000e7c80000)
 ParOldGen       total 60416K, used 9533K [0x00000000a0000000, 0x00000000a3b00000, 0x00000000e0000000)
  object space 60416K, 15% used [0x00000000a0000000,0x00000000a094f7a8,0x00000000a3b00000)
 Metaspace       used 32105K, capacity 32628K, committed 32896K, reserved 1077248K
  class space    used 4408K, capacity 4619K, committed 4736K, reserved 1048576K
Event: 10.622 GC heap after
Heap after GC invocations=9 (full 1):
 PSYoungGen      total 115712K, used 8380K [0x00000000e0000000, 0x00000000e7f80000, 0x0000000100000000)
  eden space 104448K, 0% used [0x00000000e0000000,0x00000000e0000000,0x00000000e6600000)
  from space 11264K, 74% used [0x00000000e7180000,0x00000000e79af378,0x00000000e7c80000)
  to   space 11776K, 0% used [0x00000000e6600000,0x00000000e6600000,0x00000000e7180000)
 ParOldGen       total 60416K, used 9541K [0x00000000a0000000, 0x00000000a3b00000, 0x00000000e0000000)
  object space 60416K, 15% used [0x00000000a0000000,0x00000000a09517a8,0x00000000a3b00000)
 Metaspace       used 32105K, capacity 32628K, committed 32896K, reserved 1077248K
  class space    used 4408K, capacity 4619K, committed 4736K, reserved 1048576K
}
Event: 12.096 GC heap before
{Heap before GC invocations=10 (full 1):
 PSYoungGen      total 115712K, used 63984K [0x00000000e0000000, 0x00000000e7f80000, 0x0000000100000000)
  eden space 104448K, 53% used [0x00000000e0000000,0x00000000e364cca8,0x00000000e6600000)
  from space 11264K, 74% used [0x00000000e7180000,0x00000000e79af378,0x00000000e7c80000)
  to   space 11776K, 0% used [0x00000000e6600000,0x00000000e6600000,0x00000000e7180000)
 ParOldGen       total 60416K, used 9541K [0x00000000a0000000, 0x00000000a3b00000, 0x00000000e0000000)
  object space 60416K, 15% used [0x00000000a0000000,0x00000000a09517a8,0x00000000a3b00000)
 Metaspace       used 34631K, capacity 35452K, committed 35456K, reserved 1079296K
  class space    used 4758K, capacity 4989K, committed 4992K, reserved 1048576K
Event: 12.115 GC heap after
Heap after GC invocations=10 (full 1):
 PSYoungGen      total 116224K, used 9859K [0x00000000e0000000, 0x00000000ea380000, 0x0000000100000000)
  eden space 104448K, 0% used [0x00000000e0000000,0x00000000e0000000,0x00000000e6600000)
  from space 11776K, 83% used [0x00000000e6600000,0x00000000e6fa0ec8,0x00000000e7180000)
  to   space 12288K, 0% used [0x00000000e9780000,0x00000000e9780000,0x00000000ea380000)
 ParOldGen       total 60416K, used 9549K [0x00000000a0000000, 0x00000000a3b00000, 0x00000000e0000000)
  object space 60416K, 15% used [0x00000000a0000000,0x00000000a09537a8,0x00000000a3b00000)
 Metaspace       used 34631K, capacity 35452K, committed 35456K, reserved 1079296K
  class space    used 4758K, capacity 4989K, committed 4992K, reserved 1048576K
}
Event: 12.115 GC heap before
{Heap before GC invocations=11 (full 2):
 PSYoungGen      total 116224K, used 9859K [0x00000000e0000000, 0x00000000ea380000, 0x0000000100000000)
  eden space 104448K, 0% used [0x00000000e0000000,0x00000000e0000000,0x00000000e6600000)
  from space 11776K, 83% used [0x00000000e6600000,0x00000000e6fa0ec8,0x00000000e7180000)
  to   space 12288K, 0% used [0x00000000e9780000,0x00000000e9780000,0x00000000ea380000)
 ParOldGen       total 60416K, used 9549K [0x00000000a0000000, 0x00000000a3b00000, 0x00000000e0000000)
  object space 60416K, 15% used [0x00000000a0000000,0x00000000a09537a8,0x00000000a3b00000)
 Metaspace       used 34631K, capacity 35452K, committed 35456K, reserved 1079296K
  class space    used 4758K, capacity 4989K, committed 4992K, reserved 1048576K
Event: 12.209 GC heap after
Heap after GC invocations=11 (full 2):
 PSYoungGen      total 116224K, used 0K [0x00000000e0000000, 0x00000000ea380000, 0x0000000100000000)
  eden space 104448K, 0% used [0x00000000e0000000,0x00000000e0000000,0x00000000e6600000)
  from space 11776K, 0% used [0x00000000e6600000,0x00000000e6600000,0x00000000e7180000)
  to   space 12288K, 0% used [0x00000000e9780000,0x00000000e9780000,0x00000000ea380000)
 ParOldGen       total 60416K, used 16774K [0x00000000a0000000, 0x00000000a3b00000, 0x00000000e0000000)
  object space 60416K, 27% used [0x00000000a0000000,0x00000000a1061920,0x00000000a3b00000)
 Metaspace       used 34625K, capacity 35434K, committed 35456K, reserved 1079296K
  class space    used 4756K, capacity 4986K, committed 4992K, reserved 1048576K
}

