# JRE version: OpenJDK Runtime Environment (8.0_212-b04) (build 1.8.0_212-release-1586-b04)
# Java VM: OpenJDK 64-Bit Server VM (25.212-b04 mixed mode windows-amd64 compressed oops)
Heap:
 PSYoungGen      total 113664K, used 60419K [0x00000000e0000000, 0x00000000e7b00000, 0x0000000100000000)
  eden space 102400K, 50% used [0x00000000e0000000,0x00000000e32d8c68,0x00000000e6400000)
  from space 11264K, 74% used [0x00000000e6f80000,0x00000000e77a8258,0x00000000e7a80000)
  to   space 11776K, 0% used [0x00000000e6400000,0x00000000e6400000,0x00000000e6f80000)
 ParOldGen       total 61440K, used 9470K [0x00000000a0000000, 0x00000000a3c00000, 0x00000000e0000000)
  object space 61440K, 15% used [0x00000000a0000000,0x00000000a093f9d0,0x00000000a3c00000)
 Metaspace       used 34421K, capacity 35146K, committed 35200K, reserved 1079296K
  class space    used 4711K, capacity 4952K, committed 4992K, reserved 1048576K
GC Heap History (10 events):
Event: 4.497 GC heap before
{Heap before GC invocations=5 (full 0):
 PSYoungGen      total 38400K, used 38384K [0x00000000e0000000, 0x00000000e4b00000, 0x0000000100000000)
  eden space 33280K, 100% used [0x00000000e0000000,0x00000000e2080000,0x00000000e2080000)
  from space 5120K, 99% used [0x00000000e2580000,0x00000000e2a7c010,0x00000000e2a80000)
  to   space 5120K, 0% used [0x00000000e2080000,0x00000000e2080000,0x00000000e2580000)
 ParOldGen       total 87552K, used 3827K [0x00000000a0000000, 0x00000000a5580000, 0x00000000e0000000)
  object space 87552K, 4% used [0x00000000a0000000,0x00000000a03bcfe8,0x00000000a5580000)
 Metaspace       used 17735K, capacity 18096K, committed 18432K, reserved 1064960K
  class space    used 2545K, capacity 2692K, committed 2816K, reserved 1048576K
Event: 4.517 GC heap after
Heap after GC invocations=5 (full 0):
 PSYoungGen      total 38400K, used 5088K [0x00000000e0000000, 0x00000000e5600000, 0x0000000100000000)
  eden space 33280K, 0% used [0x00000000e0000000,0x00000000e0000000,0x00000000e2080000)
  from space 5120K, 99% used [0x00000000e2080000,0x00000000e2578020,0x00000000e2580000)
  to   space 10752K, 0% used [0x00000000e4b80000,0x00000000e4b80000,0x00000000e5600000)
 ParOldGen       total 87552K, used 7532K [0x00000000a0000000, 0x00000000a5580000, 0x00000000e0000000)
  object space 87552K, 8% used [0x00000000a0000000,0x00000000a075b1b0,0x00000000a5580000)
 Metaspace       used 17735K, capacity 18096K, committed 18432K, reserved 1064960K
  class space    used 2545K, capacity 2692K, committed 2816K, reserved 1048576K
}
Event: 5.093 GC heap before
{Heap before GC invocations=6 (full 0):
 PSYoungGen      total 38400K, used 32588K [0x00000000e0000000, 0x00000000e5600000, 0x0000000100000000)
  eden space 33280K, 82% used [0x00000000e0000000,0x00000000e1adb1c8,0x00000000e2080000)
  from space 5120K, 99% used [0x00000000e2080000,0x00000000e2578020,0x00000000e2580000)
  to   space 10752K, 0% used [0x00000000e4b80000,0x00000000e4b80000,0x00000000e5600000)
 ParOldGen       total 87552K, used 7532K [0x00000000a0000000, 0x00000000a5580000, 0x00000000e0000000)
  object space 87552K, 8% used [0x00000000a0000000,0x00000000a075b1b0,0x00000000a5580000)
 Metaspace       used 20667K, capacity 21202K, committed 21296K, reserved 1067008K
  class space    used 2982K, capacity 3161K, committed 3200K, reserved 1048576K
Event: 5.103 GC heap after
Heap after GC invocations=6 (full 0):
 PSYoungGen      total 76800K, used 8697K [0x00000000e0000000, 0x00000000e5700000, 0x0000000100000000)
  eden space 66048K, 0% used [0x00000000e0000000,0x00000000e0000000,0x00000000e4080000)
  from space 10752K, 80% used [0x00000000e4b80000,0x00000000e53fe640,0x00000000e5600000)
  to   space 11264K, 0% used [0x00000000e4080000,0x00000000e4080000,0x00000000e4b80000)
 ParOldGen       total 87552K, used 7540K [0x00000000a0000000, 0x00000000a5580000, 0x00000000e0000000)
  object space 87552K, 8% used [0x00000000a0000000,0x00000000a075d1b0,0x00000000a5580000)
 Metaspace       used 20667K, capacity 21202K, committed 21296K, reserved 1067008K
  class space    used 2982K, capacity 3161K, committed 3200K, reserved 1048576K
}
Event: 5.103 GC heap before
{Heap before GC invocations=7 (full 1):
 PSYoungGen      total 76800K, used 8697K [0x00000000e0000000, 0x00000000e5700000, 0x0000000100000000)
  eden space 66048K, 0% used [0x00000000e0000000,0x00000000e0000000,0x00000000e4080000)
  from space 10752K, 80% used [0x00000000e4b80000,0x00000000e53fe640,0x00000000e5600000)
  to   space 11264K, 0% used [0x00000000e4080000,0x00000000e4080000,0x00000000e4b80000)
 ParOldGen       total 87552K, used 7540K [0x00000000a0000000, 0x00000000a5580000, 0x00000000e0000000)
  object space 87552K, 8% used [0x00000000a0000000,0x00000000a075d1b0,0x00000000a5580000)
 Metaspace       used 20667K, capacity 21202K, committed 21296K, reserved 1067008K
  class space    used 2982K, capacity 3161K, committed 3200K, reserved 1048576K
Event: 5.167 GC heap after
Heap after GC invocations=7 (full 1):
 PSYoungGen      total 76800K, used 0K [0x00000000e0000000, 0x00000000e5700000, 0x0000000100000000)
  eden space 66048K, 0% used [0x00000000e0000000,0x00000000e0000000,0x00000000e4080000)
  from space 10752K, 0% used [0x00000000e4b80000,0x00000000e4b80000,0x00000000e5600000)
  to   space 11264K, 0% used [0x00000000e4080000,0x00000000e4080000,0x00000000e4b80000)
 ParOldGen       total 61440K, used 9454K [0x00000000a0000000, 0x00000000a3c00000, 0x00000000e0000000)
  object space 61440K, 15% used [0x00000000a0000000,0x00000000a093b9d0,0x00000000a3c00000)
 Metaspace       used 20667K, capacity 21202K, committed 21296K, reserved 1067008K
  class space    used 2982K, capacity 3161K, committed 3200K, reserved 1048576K
}
Event: 6.868 GC heap before
{Heap before GC invocations=8 (full 1):
 PSYoungGen      total 76800K, used 66048K [0x00000000e0000000, 0x00000000e5700000, 0x0000000100000000)
  eden space 66048K, 100% used [0x00000000e0000000,0x00000000e4080000,0x00000000e4080000)
  from space 10752K, 0% used [0x00000000e4b80000,0x00000000e4b80000,0x00000000e5600000)
  to   space 11264K, 0% used [0x00000000e4080000,0x00000000e4080000,0x00000000e4b80000)
 ParOldGen       total 61440K, used 9454K [0x00000000a0000000, 0x00000000a3c00000, 0x00000000e0000000)
  object space 61440K, 15% used [0x00000000a0000000,0x00000000a093b9d0,0x00000000a3c00000)
 Metaspace       used 29037K, capacity 29558K, committed 29696K, reserved 1075200K
  class space    used 3909K, capacity 4065K, committed 4096K, reserved 1048576K
Event: 6.886 GC heap after
Heap after GC invocations=8 (full 1):
 PSYoungGen      total 77312K, used 8043K [0x00000000e0000000, 0x00000000e7a80000, 0x0000000100000000)
  eden space 66048K, 0% used [0x00000000e0000000,0x00000000e0000000,0x00000000e4080000)
  from space 11264K, 71% used [0x00000000e4080000,0x00000000e485af08,0x00000000e4b80000)
  to   space 11264K, 0% used [0x00000000e6f80000,0x00000000e6f80000,0x00000000e7a80000)
 ParOldGen       total 61440K, used 9462K [0x00000000a0000000, 0x00000000a3c00000, 0x00000000e0000000)
  object space 61440K, 15% used [0x00000000a0000000,0x00000000a093d9d0,0x00000000a3c00000)
 Metaspace       used 29037K, capacity 29558K, committed 29696K, reserved 1075200K
  class space    used 3909K, capacity 4065K, committed 4096K, reserved 1048576K
}
Event: 8.091 GC heap before
{Heap before GC invocations=9 (full 1):
 PSYoungGen      total 77312K, used 74091K [0x00000000e0000000, 0x00000000e7a80000, 0x0000000100000000)
  eden space 66048K, 100% used [0x00000000e0000000,0x00000000e4080000,0x00000000e4080000)
  from space 11264K, 71% used [0x00000000e4080000,0x00000000e485af08,0x00000000e4b80000)
  to   space 11264K, 0% used [0x00000000e6f80000,0x00000000e6f80000,0x00000000e7a80000)
 ParOldGen       total 61440K, used 9462K [0x00000000a0000000, 0x00000000a3c00000, 0x00000000e0000000)
  object space 61440K, 15% used [0x00000000a0000000,0x00000000a093d9d0,0x00000000a3c00000)
 Metaspace       used 32028K, capacity 32532K, committed 32768K, reserved 1077248K
  class space    used 4391K, capacity 4587K, committed 4608K, reserved 1048576K
Event: 8.108 GC heap after
Heap after GC invocations=9 (full 1):
 PSYoungGen      total 113664K, used 8352K [0x00000000e0000000, 0x00000000e7b00000, 0x0000000100000000)
  eden space 102400K, 0% used [0x00000000e0000000,0x00000000e0000000,0x00000000e6400000)
  from space 11264K, 74% used [0x00000000e6f80000,0x00000000e77a8258,0x00000000e7a80000)
  to   space 11776K, 0% used [0x00000000e6400000,0x00000000e6400000,0x00000000e6f80000)
 ParOldGen       total 61440K, used 9470K [0x00000000a0000000, 0x00000000a3c00000, 0x00000000e0000000)
  object space 61440K, 15% used [0x00000000a0000000,0x00000000a093f9d0,0x00000000a3c00000)
 Metaspace       used 32028K, capacity 32532K, committed 32768K, reserved 1077248K
  class space    used 4391K, capacity 4587K, committed 4608K, reserved 1048576K
}

